{"/Users/masato0420/Downloads/受託開発/自社事業/プロジェクト管理一元アプリ/apps/bridge/src/api-client.ts": {"path":"/Users/masato0420/Downloads/受託開発/自社事業/プロジェクト管理一元アプリ/apps/bridge/src/api-client.ts","all":false,"statementMap":{"23":{"start":{"line":24,"column":0},"end":{"line":24,"column":44}},"24":{"start":{"line":25,"column":0},"end":{"line":25,"column":32}},"25":{"start":{"line":26,"column":0},"end":{"line":26,"column":19}},"26":{"start":{"line":27,"column":0},"end":{"line":27,"column":34}},"27":{"start":{"line":28,"column":0},"end":{"line":28,"column":3}},"28":{"start":{"line":29,"column":0},"end":{"line":29,"column":1}},"48":{"start":{"line":49,"column":0},"end":{"line":49,"column":45}},"49":{"start":{"line":50,"column":0},"end":{"line":50,"column":58}},"51":{"start":{"line":52,"column":0},"end":{"line":52,"column":85}},"52":{"start":{"line":53,"column":0},"end":{"line":53,"column":62}},"53":{"start":{"line":54,"column":0},"end":{"line":54,"column":21}},"54":{"start":{"line":55,"column":0},"end":{"line":55,"column":16}},"55":{"start":{"line":56,"column":0},"end":{"line":56,"column":43}},"56":{"start":{"line":57,"column":0},"end":{"line":57,"column":44}},"57":{"start":{"line":58,"column":0},"end":{"line":58,"column":8}},"58":{"start":{"line":59,"column":0},"end":{"line":59,"column":33}},"59":{"start":{"line":60,"column":0},"end":{"line":60,"column":7}},"60":{"start":{"line":61,"column":0},"end":{"line":61,"column":51}},"62":{"start":{"line":63,"column":0},"end":{"line":63,"column":89}},"63":{"start":{"line":64,"column":0},"end":{"line":64,"column":5}},"64":{"start":{"line":65,"column":0},"end":{"line":65,"column":18}},"65":{"start":{"line":66,"column":0},"end":{"line":66,"column":75}},"66":{"start":{"line":67,"column":0},"end":{"line":67,"column":5}},"67":{"start":{"line":68,"column":0},"end":{"line":68,"column":22}},"68":{"start":{"line":69,"column":0},"end":{"line":69,"column":3}},"70":{"start":{"line":71,"column":0},"end":{"line":71,"column":80}},"71":{"start":{"line":72,"column":0},"end":{"line":72,"column":51}},"72":{"start":{"line":73,"column":0},"end":{"line":73,"column":28}},"73":{"start":{"line":74,"column":0},"end":{"line":74,"column":54}},"74":{"start":{"line":75,"column":0},"end":{"line":75,"column":12}},"82":{"start":{"line":83,"column":0},"end":{"line":83,"column":24}},"83":{"start":{"line":84,"column":0},"end":{"line":84,"column":12}},"84":{"start":{"line":85,"column":0},"end":{"line":85,"column":24}},"85":{"start":{"line":86,"column":0},"end":{"line":86,"column":34}},"86":{"start":{"line":87,"column":0},"end":{"line":87,"column":36}},"87":{"start":{"line":88,"column":0},"end":{"line":88,"column":43}},"88":{"start":{"line":89,"column":0},"end":{"line":89,"column":6}},"89":{"start":{"line":90,"column":0},"end":{"line":90,"column":3}},"91":{"start":{"line":92,"column":0},"end":{"line":92,"column":86}},"92":{"start":{"line":93,"column":0},"end":{"line":93,"column":38}},"93":{"start":{"line":94,"column":0},"end":{"line":94,"column":22}},"94":{"start":{"line":95,"column":0},"end":{"line":95,"column":32}},"95":{"start":{"line":96,"column":0},"end":{"line":96,"column":28}},"96":{"start":{"line":97,"column":0},"end":{"line":97,"column":7}},"97":{"start":{"line":98,"column":0},"end":{"line":98,"column":3}},"99":{"start":{"line":100,"column":0},"end":{"line":100,"column":17}},"100":{"start":{"line":101,"column":0},"end":{"line":101,"column":19}},"101":{"start":{"line":102,"column":0},"end":{"line":102,"column":24}},"102":{"start":{"line":103,"column":0},"end":{"line":103,"column":20}},"103":{"start":{"line":104,"column":0},"end":{"line":104,"column":31}},"104":{"start":{"line":105,"column":0},"end":{"line":105,"column":20}},"105":{"start":{"line":106,"column":0},"end":{"line":106,"column":41}},"106":{"start":{"line":107,"column":0},"end":{"line":107,"column":22}},"107":{"start":{"line":108,"column":0},"end":{"line":108,"column":32}},"108":{"start":{"line":109,"column":0},"end":{"line":109,"column":14}},"109":{"start":{"line":110,"column":0},"end":{"line":110,"column":17}},"110":{"start":{"line":111,"column":0},"end":{"line":111,"column":30}},"111":{"start":{"line":112,"column":0},"end":{"line":112,"column":42}},"112":{"start":{"line":113,"column":0},"end":{"line":113,"column":46}},"113":{"start":{"line":114,"column":0},"end":{"line":114,"column":55}},"114":{"start":{"line":115,"column":0},"end":{"line":115,"column":41}},"115":{"start":{"line":116,"column":0},"end":{"line":116,"column":50}},"116":{"start":{"line":117,"column":0},"end":{"line":117,"column":8}},"117":{"start":{"line":118,"column":0},"end":{"line":118,"column":68}},"118":{"start":{"line":119,"column":0},"end":{"line":119,"column":7}},"119":{"start":{"line":120,"column":0},"end":{"line":120,"column":3}},"121":{"start":{"line":122,"column":0},"end":{"line":122,"column":91}},"122":{"start":{"line":123,"column":0},"end":{"line":123,"column":47}},"123":{"start":{"line":124,"column":0},"end":{"line":124,"column":22}},"124":{"start":{"line":125,"column":0},"end":{"line":125,"column":32}},"125":{"start":{"line":126,"column":0},"end":{"line":126,"column":13}},"126":{"start":{"line":127,"column":0},"end":{"line":127,"column":7}},"127":{"start":{"line":128,"column":0},"end":{"line":128,"column":3}},"129":{"start":{"line":130,"column":0},"end":{"line":130,"column":69}},"130":{"start":{"line":131,"column":0},"end":{"line":131,"column":42}},"131":{"start":{"line":132,"column":0},"end":{"line":132,"column":22}},"132":{"start":{"line":133,"column":0},"end":{"line":133,"column":28}},"133":{"start":{"line":134,"column":0},"end":{"line":134,"column":7}},"134":{"start":{"line":135,"column":0},"end":{"line":135,"column":3}},"135":{"start":{"line":136,"column":0},"end":{"line":136,"column":1}}},"s":{"23":1,"24":1,"25":3,"26":3,"27":3,"28":1,"48":1,"49":1,"51":1,"52":9,"53":9,"54":9,"55":9,"56":9,"57":9,"58":9,"59":9,"60":9,"62":2,"63":2,"64":9,"65":1,"66":1,"67":6,"68":9,"70":1,"71":4,"72":4,"73":4,"74":4,"82":2,"83":2,"84":2,"85":2,"86":2,"87":2,"88":2,"89":4,"91":1,"92":2,"93":2,"94":2,"95":2,"96":2,"97":2,"99":1,"100":1,"101":1,"102":1,"103":1,"104":1,"105":1,"106":1,"107":1,"108":1,"109":1,"110":1,"111":1,"112":1,"113":1,"114":1,"115":1,"116":1,"117":1,"118":1,"119":1,"121":1,"122":1,"123":1,"124":1,"125":1,"126":1,"127":1,"129":1,"130":1,"131":1,"132":1,"133":1,"134":1,"135":1},"branchMap":{"0":{"type":"branch","line":25,"loc":{"start":{"line":25,"column":2},"end":{"line":28,"column":3}},"locations":[{"start":{"line":25,"column":2},"end":{"line":28,"column":3}}]},"1":{"type":"branch","line":50,"loc":{"start":{"line":50,"column":2},"end":{"line":50,"column":58}},"locations":[{"start":{"line":50,"column":2},"end":{"line":50,"column":58}}]},"2":{"type":"branch","line":52,"loc":{"start":{"line":52,"column":2},"end":{"line":69,"column":3}},"locations":[{"start":{"line":52,"column":2},"end":{"line":69,"column":3}}]},"3":{"type":"branch","line":61,"loc":{"start":{"line":61,"column":23},"end":{"line":61,"column":50}},"locations":[{"start":{"line":61,"column":23},"end":{"line":61,"column":50}}]},"4":{"type":"branch","line":61,"loc":{"start":{"line":61,"column":50},"end":{"line":64,"column":5}},"locations":[{"start":{"line":61,"column":50},"end":{"line":64,"column":5}}]},"5":{"type":"branch","line":64,"loc":{"start":{"line":64,"column":4},"end":{"line":65,"column":17}},"locations":[{"start":{"line":64,"column":4},"end":{"line":65,"column":17}}]},"6":{"type":"branch","line":65,"loc":{"start":{"line":65,"column":17},"end":{"line":67,"column":5}},"locations":[{"start":{"line":65,"column":17},"end":{"line":67,"column":5}}]},"7":{"type":"branch","line":67,"loc":{"start":{"line":67,"column":4},"end":{"line":68,"column":22}},"locations":[{"start":{"line":67,"column":4},"end":{"line":68,"column":22}}]},"8":{"type":"branch","line":71,"loc":{"start":{"line":71,"column":2},"end":{"line":90,"column":3}},"locations":[{"start":{"line":71,"column":2},"end":{"line":90,"column":3}}]},"9":{"type":"branch","line":74,"loc":{"start":{"line":74,"column":10},"end":{"line":74,"column":50}},"locations":[{"start":{"line":74,"column":10},"end":{"line":74,"column":50}}]},"10":{"type":"branch","line":75,"loc":{"start":{"line":75,"column":5},"end":{"line":89,"column":6}},"locations":[{"start":{"line":75,"column":5},"end":{"line":89,"column":6}}]},"11":{"type":"branch","line":92,"loc":{"start":{"line":92,"column":2},"end":{"line":98,"column":3}},"locations":[{"start":{"line":92,"column":2},"end":{"line":98,"column":3}}]},"12":{"type":"branch","line":97,"loc":{"start":{"line":97,"column":5},"end":{"line":97,"column":7}},"locations":[{"start":{"line":97,"column":5},"end":{"line":97,"column":7}}]},"13":{"type":"branch","line":100,"loc":{"start":{"line":100,"column":2},"end":{"line":120,"column":3}},"locations":[{"start":{"line":100,"column":2},"end":{"line":120,"column":3}}]},"14":{"type":"branch","line":122,"loc":{"start":{"line":122,"column":2},"end":{"line":128,"column":3}},"locations":[{"start":{"line":122,"column":2},"end":{"line":128,"column":3}}]},"15":{"type":"branch","line":130,"loc":{"start":{"line":130,"column":2},"end":{"line":135,"column":3}},"locations":[{"start":{"line":130,"column":2},"end":{"line":135,"column":3}}]}},"b":{"0":[3],"1":[9],"2":[9],"3":[8],"4":[2],"5":[7],"6":[1],"7":[6],"8":[4],"9":[0],"10":[2],"11":[2],"12":[1],"13":[1],"14":[1],"15":[1]},"fnMap":{"0":{"name":"BridgeAuthError","decl":{"start":{"line":25,"column":2},"end":{"line":28,"column":3}},"loc":{"start":{"line":25,"column":2},"end":{"line":28,"column":3}},"line":25},"1":{"name":"ApiClient","decl":{"start":{"line":50,"column":2},"end":{"line":50,"column":58}},"loc":{"start":{"line":50,"column":2},"end":{"line":50,"column":58}},"line":50},"2":{"name":"post","decl":{"start":{"line":52,"column":2},"end":{"line":69,"column":3}},"loc":{"start":{"line":52,"column":2},"end":{"line":69,"column":3}},"line":52},"3":{"name":"pick","decl":{"start":{"line":71,"column":2},"end":{"line":90,"column":3}},"loc":{"start":{"line":71,"column":2},"end":{"line":90,"column":3}},"line":71},"4":{"name":"start","decl":{"start":{"line":92,"column":2},"end":{"line":98,"column":3}},"loc":{"start":{"line":92,"column":2},"end":{"line":98,"column":3}},"line":92},"5":{"name":"complete","decl":{"start":{"line":100,"column":2},"end":{"line":120,"column":3}},"loc":{"start":{"line":100,"column":2},"end":{"line":120,"column":3}},"line":100},"6":{"name":"requestChange","decl":{"start":{"line":122,"column":2},"end":{"line":128,"column":3}},"loc":{"start":{"line":122,"column":2},"end":{"line":128,"column":3}},"line":122},"7":{"name":"heartbeat","decl":{"start":{"line":130,"column":2},"end":{"line":135,"column":3}},"loc":{"start":{"line":130,"column":2},"end":{"line":135,"column":3}},"line":130}},"f":{"0":3,"1":9,"2":9,"3":4,"4":2,"5":1,"6":1,"7":1}}
,"/Users/masato0420/Downloads/受託開発/自社事業/プロジェクト管理一元アプリ/apps/bridge/src/dispatcher.ts": {"path":"/Users/masato0420/Downloads/受託開発/自社事業/プロジェクト管理一元アプリ/apps/bridge/src/dispatcher.ts","all":false,"statementMap":{"0":{"start":{"line":1,"column":0},"end":{"line":1,"column":3}},"38":{"start":{"line":39,"column":0},"end":{"line":39,"column":79}},"39":{"start":{"line":40,"column":0},"end":{"line":40,"column":20}},"40":{"start":{"line":41,"column":0},"end":{"line":41,"column":34}},"41":{"start":{"line":42,"column":0},"end":{"line":42,"column":9}},"42":{"start":{"line":43,"column":0},"end":{"line":43,"column":67}},"43":{"start":{"line":44,"column":0},"end":{"line":44,"column":4}},"44":{"start":{"line":45,"column":0},"end":{"line":45,"column":37}},"45":{"start":{"line":46,"column":0},"end":{"line":46,"column":28}},"46":{"start":{"line":47,"column":0},"end":{"line":47,"column":25}},"47":{"start":{"line":48,"column":0},"end":{"line":48,"column":11}},"56":{"start":{"line":57,"column":0},"end":{"line":57,"column":25}},"57":{"start":{"line":58,"column":0},"end":{"line":58,"column":14}},"58":{"start":{"line":59,"column":0},"end":{"line":59,"column":36}},"59":{"start":{"line":60,"column":0},"end":{"line":60,"column":46}},"60":{"start":{"line":61,"column":0},"end":{"line":61,"column":6}},"63":{"start":{"line":64,"column":0},"end":{"line":64,"column":26}},"64":{"start":{"line":65,"column":0},"end":{"line":65,"column":13}},"65":{"start":{"line":66,"column":0},"end":{"line":66,"column":3}},"68":{"start":{"line":69,"column":0},"end":{"line":69,"column":42}},"69":{"start":{"line":70,"column":0},"end":{"line":70,"column":15}},"70":{"start":{"line":71,"column":0},"end":{"line":71,"column":9}},"71":{"start":{"line":72,"column":0},"end":{"line":72,"column":81}},"72":{"start":{"line":73,"column":0},"end":{"line":73,"column":30}},"73":{"start":{"line":74,"column":0},"end":{"line":74,"column":45}},"75":{"start":{"line":76,"column":0},"end":{"line":76,"column":28}},"76":{"start":{"line":77,"column":0},"end":{"line":77,"column":7}},"77":{"start":{"line":78,"column":0},"end":{"line":78,"column":18}},"78":{"start":{"line":79,"column":0},"end":{"line":79,"column":5}},"79":{"start":{"line":80,"column":0},"end":{"line":80,"column":90}},"80":{"start":{"line":81,"column":0},"end":{"line":81,"column":23}},"81":{"start":{"line":82,"column":0},"end":{"line":82,"column":5}},"82":{"start":{"line":83,"column":0},"end":{"line":83,"column":43}},"83":{"start":{"line":84,"column":0},"end":{"line":84,"column":69}},"85":{"start":{"line":86,"column":0},"end":{"line":86,"column":41}},"86":{"start":{"line":87,"column":0},"end":{"line":87,"column":74}},"88":{"start":{"line":89,"column":0},"end":{"line":89,"column":9}},"89":{"start":{"line":90,"column":0},"end":{"line":90,"column":32}},"91":{"start":{"line":92,"column":0},"end":{"line":92,"column":9}},"92":{"start":{"line":93,"column":0},"end":{"line":93,"column":49}},"93":{"start":{"line":94,"column":0},"end":{"line":94,"column":34}},"94":{"start":{"line":95,"column":0},"end":{"line":95,"column":85}},"95":{"start":{"line":96,"column":0},"end":{"line":96,"column":21}},"96":{"start":{"line":97,"column":0},"end":{"line":97,"column":26}},"97":{"start":{"line":98,"column":0},"end":{"line":98,"column":28}},"98":{"start":{"line":99,"column":0},"end":{"line":99,"column":33}},"99":{"start":{"line":100,"column":0},"end":{"line":100,"column":24}},"100":{"start":{"line":101,"column":0},"end":{"line":101,"column":27}},"101":{"start":{"line":102,"column":0},"end":{"line":102,"column":11}},"102":{"start":{"line":103,"column":0},"end":{"line":103,"column":27}},"103":{"start":{"line":104,"column":0},"end":{"line":104,"column":7}},"104":{"start":{"line":105,"column":0},"end":{"line":105,"column":36}},"105":{"start":{"line":106,"column":0},"end":{"line":106,"column":73}},"106":{"start":{"line":107,"column":0},"end":{"line":107,"column":66}},"107":{"start":{"line":108,"column":0},"end":{"line":108,"column":64}},"108":{"start":{"line":109,"column":0},"end":{"line":109,"column":32}},"109":{"start":{"line":110,"column":0},"end":{"line":110,"column":15}},"110":{"start":{"line":111,"column":0},"end":{"line":111,"column":31}},"111":{"start":{"line":112,"column":0},"end":{"line":112,"column":5}},"112":{"start":{"line":113,"column":0},"end":{"line":113,"column":3}},"115":{"start":{"line":116,"column":0},"end":{"line":116,"column":56}},"116":{"start":{"line":117,"column":0},"end":{"line":117,"column":55}},"117":{"start":{"line":118,"column":0},"end":{"line":118,"column":62}},"118":{"start":{"line":119,"column":0},"end":{"line":119,"column":47}},"119":{"start":{"line":120,"column":0},"end":{"line":120,"column":48}},"120":{"start":{"line":121,"column":0},"end":{"line":121,"column":54}},"121":{"start":{"line":122,"column":0},"end":{"line":122,"column":42}},"122":{"start":{"line":123,"column":0},"end":{"line":123,"column":9}},"123":{"start":{"line":124,"column":0},"end":{"line":124,"column":20}},"124":{"start":{"line":125,"column":0},"end":{"line":125,"column":27}},"125":{"start":{"line":126,"column":0},"end":{"line":126,"column":47}},"126":{"start":{"line":127,"column":0},"end":{"line":127,"column":35}},"127":{"start":{"line":128,"column":0},"end":{"line":128,"column":35}},"128":{"start":{"line":129,"column":0},"end":{"line":129,"column":39}},"129":{"start":{"line":130,"column":0},"end":{"line":130,"column":8}},"130":{"start":{"line":131,"column":0},"end":{"line":131,"column":38}},"131":{"start":{"line":132,"column":0},"end":{"line":132,"column":38}},"132":{"start":{"line":133,"column":0},"end":{"line":133,"column":38}},"133":{"start":{"line":134,"column":0},"end":{"line":134,"column":24}},"134":{"start":{"line":135,"column":0},"end":{"line":135,"column":30}},"135":{"start":{"line":136,"column":0},"end":{"line":136,"column":32}},"136":{"start":{"line":137,"column":0},"end":{"line":137,"column":35}},"137":{"start":{"line":138,"column":0},"end":{"line":138,"column":28}},"138":{"start":{"line":139,"column":0},"end":{"line":139,"column":17}},"139":{"start":{"line":140,"column":0},"end":{"line":140,"column":25}},"140":{"start":{"line":141,"column":0},"end":{"line":141,"column":19}},"141":{"start":{"line":142,"column":0},"end":{"line":142,"column":47}},"142":{"start":{"line":143,"column":0},"end":{"line":143,"column":18}},"143":{"start":{"line":144,"column":0},"end":{"line":144,"column":11}},"144":{"start":{"line":145,"column":0},"end":{"line":145,"column":9}},"145":{"start":{"line":146,"column":0},"end":{"line":146,"column":34}},"146":{"start":{"line":147,"column":0},"end":{"line":147,"column":28}},"147":{"start":{"line":148,"column":0},"end":{"line":148,"column":65}},"148":{"start":{"line":149,"column":0},"end":{"line":149,"column":86}},"149":{"start":{"line":150,"column":0},"end":{"line":150,"column":9}},"150":{"start":{"line":151,"column":0},"end":{"line":151,"column":7}},"151":{"start":{"line":152,"column":0},"end":{"line":152,"column":3}},"152":{"start":{"line":153,"column":0},"end":{"line":153,"column":1}}},"s":{"0":1,"38":1,"39":1,"40":1,"41":0,"42":0,"43":0,"44":1,"45":1,"46":1,"47":1,"56":1,"57":1,"58":8,"59":8,"60":8,"63":1,"64":1,"65":1,"68":1,"69":5,"70":5,"71":5,"72":5,"73":1,"75":1,"76":1,"77":0,"78":0,"79":5,"80":1,"81":1,"82":3,"83":3,"85":3,"86":5,"88":5,"89":3,"91":3,"92":3,"93":5,"94":1,"95":1,"96":1,"97":1,"98":1,"99":1,"100":1,"101":1,"102":1,"103":1,"104":2,"105":1,"106":1,"107":5,"108":2,"109":5,"110":3,"111":3,"112":5,"115":1,"116":3,"117":3,"118":3,"119":3,"120":3,"121":3,"122":3,"123":3,"124":3,"125":3,"126":1,"127":1,"128":1,"129":1,"130":3,"131":3,"132":3,"133":1,"134":1,"135":3,"136":3,"137":3,"138":3,"139":3,"140":3,"141":3,"142":3,"143":3,"144":3,"145":3,"146":0,"147":0,"148":0,"149":3,"150":3,"151":3,"152":1},"branchMap":{"0":{"type":"branch","line":58,"loc":{"start":{"line":58,"column":2},"end":{"line":61,"column":6}},"locations":[{"start":{"line":58,"column":2},"end":{"line":61,"column":6}}]},"1":{"type":"branch","line":64,"loc":{"start":{"line":64,"column":2},"end":{"line":66,"column":3}},"locations":[{"start":{"line":64,"column":2},"end":{"line":66,"column":3}}]},"2":{"type":"branch","line":69,"loc":{"start":{"line":69,"column":2},"end":{"line":113,"column":3}},"locations":[{"start":{"line":69,"column":2},"end":{"line":113,"column":3}}]},"3":{"type":"branch","line":72,"loc":{"start":{"line":72,"column":79},"end":{"line":73,"column":13}},"locations":[{"start":{"line":72,"column":79},"end":{"line":73,"column":13}}]},"4":{"type":"branch","line":73,"loc":{"start":{"line":73,"column":4},"end":{"line":79,"column":5}},"locations":[{"start":{"line":73,"column":4},"end":{"line":79,"column":5}}]},"5":{"type":"branch","line":77,"loc":{"start":{"line":77,"column":6},"end":{"line":79,"column":5}},"locations":[{"start":{"line":77,"column":6},"end":{"line":79,"column":5}}]},"6":{"type":"branch","line":79,"loc":{"start":{"line":79,"column":4},"end":{"line":80,"column":34}},"locations":[{"start":{"line":79,"column":4},"end":{"line":80,"column":34}}]},"7":{"type":"branch","line":80,"loc":{"start":{"line":80,"column":15},"end":{"line":80,"column":60}},"locations":[{"start":{"line":80,"column":15},"end":{"line":80,"column":60}}]},"8":{"type":"branch","line":80,"loc":{"start":{"line":80,"column":52},"end":{"line":80,"column":89}},"locations":[{"start":{"line":80,"column":52},"end":{"line":80,"column":89}}]},"9":{"type":"branch","line":80,"loc":{"start":{"line":80,"column":89},"end":{"line":82,"column":5}},"locations":[{"start":{"line":80,"column":89},"end":{"line":82,"column":5}}]},"10":{"type":"branch","line":82,"loc":{"start":{"line":82,"column":4},"end":{"line":94,"column":33}},"locations":[{"start":{"line":82,"column":4},"end":{"line":94,"column":33}}]},"11":{"type":"branch","line":94,"loc":{"start":{"line":94,"column":33},"end":{"line":104,"column":7}},"locations":[{"start":{"line":94,"column":33},"end":{"line":104,"column":7}}]},"12":{"type":"branch","line":95,"loc":{"start":{"line":95,"column":60},"end":{"line":95,"column":84}},"locations":[{"start":{"line":95,"column":60},"end":{"line":95,"column":84}}]},"13":{"type":"branch","line":104,"loc":{"start":{"line":104,"column":6},"end":{"line":105,"column":36}},"locations":[{"start":{"line":104,"column":6},"end":{"line":105,"column":36}}]},"14":{"type":"branch","line":105,"loc":{"start":{"line":105,"column":28},"end":{"line":106,"column":73}},"locations":[{"start":{"line":105,"column":28},"end":{"line":106,"column":73}}]},"15":{"type":"branch","line":106,"loc":{"start":{"line":106,"column":71},"end":{"line":107,"column":66}},"locations":[{"start":{"line":106,"column":71},"end":{"line":107,"column":66}}]},"16":{"type":"branch","line":108,"loc":{"start":{"line":108,"column":62},"end":{"line":110,"column":6}},"locations":[{"start":{"line":108,"column":62},"end":{"line":110,"column":6}}]},"17":{"type":"branch","line":110,"loc":{"start":{"line":110,"column":4},"end":{"line":112,"column":5}},"locations":[{"start":{"line":110,"column":4},"end":{"line":112,"column":5}}]},"18":{"type":"branch","line":86,"loc":{"start":{"line":86,"column":34},"end":{"line":90,"column":7}},"locations":[{"start":{"line":86,"column":34},"end":{"line":90,"column":7}}]},"19":{"type":"branch","line":116,"loc":{"start":{"line":116,"column":10},"end":{"line":152,"column":3}},"locations":[{"start":{"line":116,"column":10},"end":{"line":152,"column":3}}]},"20":{"type":"branch","line":120,"loc":{"start":{"line":120,"column":34},"end":{"line":151,"column":5}},"locations":[{"start":{"line":120,"column":34},"end":{"line":151,"column":5}}]},"21":{"type":"branch","line":126,"loc":{"start":{"line":126,"column":21},"end":{"line":130,"column":8}},"locations":[{"start":{"line":126,"column":21},"end":{"line":130,"column":8}}]},"22":{"type":"branch","line":133,"loc":{"start":{"line":133,"column":31},"end":{"line":136,"column":9}},"locations":[{"start":{"line":133,"column":31},"end":{"line":136,"column":9}}]},"23":{"type":"branch","line":137,"loc":{"start":{"line":137,"column":24},"end":{"line":145,"column":7}},"locations":[{"start":{"line":137,"column":24},"end":{"line":145,"column":7}}]}},"b":{"0":[8],"1":[1],"2":[5],"3":[4],"4":[1],"5":[0],"6":[4],"7":[3],"8":[3],"9":[1],"10":[3],"11":[1],"12":[0],"13":[2],"14":[1],"15":[1],"16":[2],"17":[3],"18":[5],"19":[3],"20":[3],"21":[1],"22":[1],"23":[3]},"fnMap":{"0":{"name":"buildArgs","decl":{"start":{"line":41,"column":13},"end":{"line":44,"column":4}},"loc":{"start":{"line":41,"column":13},"end":{"line":44,"column":4}},"line":41},"1":{"name":"Dispatcher","decl":{"start":{"line":58,"column":2},"end":{"line":61,"column":6}},"loc":{"start":{"line":58,"column":2},"end":{"line":61,"column":6}},"line":58},"2":{"name":"get capacity","decl":{"start":{"line":64,"column":2},"end":{"line":66,"column":3}},"loc":{"start":{"line":64,"column":2},"end":{"line":66,"column":3}},"line":64},"3":{"name":"runOnce","decl":{"start":{"line":69,"column":2},"end":{"line":113,"column":3}},"loc":{"start":{"line":69,"column":2},"end":{"line":113,"column":3}},"line":69},"4":{"name":"runChild","decl":{"start":{"line":116,"column":10},"end":{"line":152,"column":3}},"loc":{"start":{"line":116,"column":10},"end":{"line":152,"column":3}},"line":116},"5":{"name":"record","decl":{"start":{"line":126,"column":21},"end":{"line":130,"column":8}},"loc":{"start":{"line":126,"column":21},"end":{"line":130,"column":8}},"line":126}},"f":{"0":0,"1":8,"2":1,"3":5,"4":3,"5":1}}
,"/Users/masato0420/Downloads/受託開発/自社事業/プロジェクト管理一元アプリ/apps/bridge/src/electron-entry.ts": {"path":"/Users/masato0420/Downloads/受託開発/自社事業/プロジェクト管理一元アプリ/apps/bridge/src/electron-entry.ts","all":true,"statementMap":{"0":{"start":{"line":1,"column":0},"end":{"line":1,"column":3}},"1":{"start":{"line":2,"column":0},"end":{"line":2,"column":53}},"2":{"start":{"line":3,"column":0},"end":{"line":3,"column":2}},"3":{"start":{"line":4,"column":0},"end":{"line":4,"column":18}},"4":{"start":{"line":5,"column":0},"end":{"line":5,"column":58}},"5":{"start":{"line":6,"column":0},"end":{"line":6,"column":59}},"6":{"start":{"line":7,"column":0},"end":{"line":7,"column":51}},"7":{"start":{"line":8,"column":0},"end":{"line":8,"column":62}},"8":{"start":{"line":9,"column":0},"end":{"line":9,"column":47}},"9":{"start":{"line":10,"column":0},"end":{"line":10,"column":2}},"10":{"start":{"line":11,"column":0},"end":{"line":11,"column":64}},"11":{"start":{"line":12,"column":0},"end":{"line":12,"column":34}},"12":{"start":{"line":13,"column":0},"end":{"line":13,"column":3}},"13":{"start":{"line":14,"column":0},"end":{"line":14,"column":0}},"14":{"start":{"line":15,"column":0},"end":{"line":15,"column":46}},"15":{"start":{"line":16,"column":0},"end":{"line":16,"column":41}},"16":{"start":{"line":17,"column":0},"end":{"line":17,"column":29}},"17":{"start":{"line":18,"column":0},"end":{"line":18,"column":0}},"18":{"start":{"line":19,"column":0},"end":{"line":19,"column":41}},"19":{"start":{"line":20,"column":0},"end":{"line":20,"column":0}},"20":{"start":{"line":21,"column":0},"end":{"line":21,"column":50}},"21":{"start":{"line":22,"column":0},"end":{"line":22,"column":43}},"22":{"start":{"line":23,"column":0},"end":{"line":23,"column":0}},"23":{"start":{"line":24,"column":0},"end":{"line":24,"column":40}},"24":{"start":{"line":25,"column":0},"end":{"line":25,"column":32}},"25":{"start":{"line":26,"column":0},"end":{"line":26,"column":33}},"26":{"start":{"line":27,"column":0},"end":{"line":27,"column":16}},"27":{"start":{"line":28,"column":0},"end":{"line":28,"column":16}},"28":{"start":{"line":29,"column":0},"end":{"line":29,"column":28}},"29":{"start":{"line":30,"column":0},"end":{"line":30,"column":21}},"30":{"start":{"line":31,"column":0},"end":{"line":31,"column":29}},"31":{"start":{"line":32,"column":0},"end":{"line":32,"column":29}},"32":{"start":{"line":33,"column":0},"end":{"line":33,"column":20}},"33":{"start":{"line":34,"column":0},"end":{"line":34,"column":6}},"34":{"start":{"line":35,"column":0},"end":{"line":35,"column":5}},"35":{"start":{"line":36,"column":0},"end":{"line":36,"column":0}},"36":{"start":{"line":37,"column":0},"end":{"line":37,"column":57}},"37":{"start":{"line":38,"column":0},"end":{"line":38,"column":73}},"38":{"start":{"line":39,"column":0},"end":{"line":39,"column":32}},"39":{"start":{"line":40,"column":0},"end":{"line":40,"column":49}},"40":{"start":{"line":41,"column":0},"end":{"line":41,"column":5}},"41":{"start":{"line":42,"column":0},"end":{"line":42,"column":0}},"42":{"start":{"line":43,"column":0},"end":{"line":43,"column":13}},"43":{"start":{"line":44,"column":0},"end":{"line":44,"column":1}},"44":{"start":{"line":45,"column":0},"end":{"line":45,"column":0}},"45":{"start":{"line":46,"column":0},"end":{"line":46,"column":33}},"46":{"start":{"line":47,"column":0},"end":{"line":47,"column":17}},"47":{"start":{"line":48,"column":0},"end":{"line":48,"column":28}},"48":{"start":{"line":49,"column":0},"end":{"line":49,"column":67}},"49":{"start":{"line":50,"column":0},"end":{"line":50,"column":5}},"50":{"start":{"line":51,"column":0},"end":{"line":51,"column":3}},"51":{"start":{"line":52,"column":0},"end":{"line":52,"column":0}},"52":{"start":{"line":53,"column":0},"end":{"line":53,"column":35}},"53":{"start":{"line":54,"column":0},"end":{"line":54,"column":48}},"54":{"start":{"line":55,"column":0},"end":{"line":55,"column":3}}},"s":{"0":0,"1":0,"2":0,"3":0,"4":0,"5":0,"6":0,"7":0,"8":0,"9":0,"10":0,"11":0,"12":0,"13":0,"14":0,"15":0,"16":0,"17":0,"18":0,"19":0,"20":0,"21":0,"22":0,"23":0,"24":0,"25":0,"26":0,"27":0,"28":0,"29":0,"30":0,"31":0,"32":0,"33":0,"34":0,"35":0,"36":0,"37":0,"38":0,"39":0,"40":0,"41":0,"42":0,"43":0,"44":0,"45":0,"46":0,"47":0,"48":0,"49":0,"50":0,"51":0,"52":0,"53":0,"54":0},"branchMap":{"0":{"type":"branch","line":1,"loc":{"start":{"line":1,"column":0},"end":{"line":55,"column":3}},"locations":[{"start":{"line":1,"column":0},"end":{"line":55,"column":3}}]}},"b":{"0":[0]},"fnMap":{"0":{"name":"(empty-report)","decl":{"start":{"line":1,"column":0},"end":{"line":55,"column":3}},"loc":{"start":{"line":1,"column":0},"end":{"line":55,"column":3}},"line":1}},"f":{"0":0}}
,"/Users/masato0420/Downloads/受託開発/自社事業/プロジェクト管理一元アプリ/apps/bridge/src/headless.ts": {"path":"/Users/masato0420/Downloads/受託開発/自社事業/プロジェクト管理一元アプリ/apps/bridge/src/headless.ts","all":false,"statementMap":{"0":{"start":{"line":1,"column":0},"end":{"line":1,"column":3}},"30":{"start":{"line":31,"column":0},"end":{"line":31,"column":34}},"31":{"start":{"line":32,"column":0},"end":{"line":32,"column":16}},"32":{"start":{"line":33,"column":0},"end":{"line":33,"column":52}},"33":{"start":{"line":34,"column":0},"end":{"line":34,"column":19}},"34":{"start":{"line":35,"column":0},"end":{"line":35,"column":29}},"35":{"start":{"line":36,"column":0},"end":{"line":36,"column":60}},"36":{"start":{"line":37,"column":0},"end":{"line":37,"column":10}},"37":{"start":{"line":38,"column":0},"end":{"line":38,"column":5}},"38":{"start":{"line":39,"column":0},"end":{"line":39,"column":30}},"39":{"start":{"line":40,"column":0},"end":{"line":40,"column":33}},"40":{"start":{"line":41,"column":0},"end":{"line":41,"column":27}},"41":{"start":{"line":42,"column":0},"end":{"line":42,"column":42}},"42":{"start":{"line":43,"column":0},"end":{"line":43,"column":73}},"43":{"start":{"line":44,"column":0},"end":{"line":44,"column":92}},"44":{"start":{"line":45,"column":0},"end":{"line":45,"column":5}},"45":{"start":{"line":46,"column":0},"end":{"line":46,"column":1}},"47":{"start":{"line":48,"column":0},"end":{"line":48,"column":75}},"48":{"start":{"line":49,"column":0},"end":{"line":49,"column":46}},"49":{"start":{"line":50,"column":0},"end":{"line":50,"column":15}},"50":{"start":{"line":51,"column":0},"end":{"line":51,"column":64}},"51":{"start":{"line":52,"column":0},"end":{"line":52,"column":13}},"52":{"start":{"line":53,"column":0},"end":{"line":53,"column":3}},"53":{"start":{"line":54,"column":0},"end":{"line":54,"column":85}},"54":{"start":{"line":55,"column":0},"end":{"line":55,"column":44}},"55":{"start":{"line":56,"column":0},"end":{"line":56,"column":6}},"56":{"start":{"line":57,"column":0},"end":{"line":57,"column":43}},"57":{"start":{"line":58,"column":0},"end":{"line":58,"column":54}},"58":{"start":{"line":59,"column":0},"end":{"line":59,"column":43}},"59":{"start":{"line":60,"column":0},"end":{"line":60,"column":32}},"60":{"start":{"line":61,"column":0},"end":{"line":61,"column":26}},"61":{"start":{"line":62,"column":0},"end":{"line":62,"column":70}},"62":{"start":{"line":63,"column":0},"end":{"line":63,"column":5}},"63":{"start":{"line":64,"column":0},"end":{"line":64,"column":17}},"64":{"start":{"line":65,"column":0},"end":{"line":65,"column":11}},"65":{"start":{"line":66,"column":0},"end":{"line":66,"column":1}}},"s":{"0":1,"30":1,"31":1,"32":1,"33":1,"34":1,"35":1,"36":1,"37":1,"38":1,"39":1,"40":1,"41":1,"42":1,"43":1,"44":1,"45":1,"47":5,"48":5,"49":5,"50":1,"51":1,"52":1,"53":5,"54":5,"55":5,"56":7,"57":7,"58":7,"59":7,"60":2,"61":1,"62":1,"63":5,"64":1,"65":1},"branchMap":{"0":{"type":"branch","line":70,"loc":{"start":{"line":70,"column":46},"end":{"line":78,"column":1}},"locations":[{"start":{"line":70,"column":46},"end":{"line":78,"column":1}}]},"1":{"type":"branch","line":31,"loc":{"start":{"line":31,"column":7},"end":{"line":46,"column":1}},"locations":[{"start":{"line":31,"column":7},"end":{"line":46,"column":1}}]},"2":{"type":"branch","line":36,"loc":{"start":{"line":36,"column":17},"end":{"line":36,"column":60}},"locations":[{"start":{"line":36,"column":17},"end":{"line":36,"column":60}}]},"3":{"type":"branch","line":43,"loc":{"start":{"line":43,"column":17},"end":{"line":43,"column":73}},"locations":[{"start":{"line":43,"column":17},"end":{"line":43,"column":73}}]},"4":{"type":"branch","line":44,"loc":{"start":{"line":44,"column":26},"end":{"line":44,"column":90}},"locations":[{"start":{"line":44,"column":26},"end":{"line":44,"column":90}}]},"5":{"type":"branch","line":48,"loc":{"start":{"line":48,"column":0},"end":{"line":66,"column":1}},"locations":[{"start":{"line":48,"column":0},"end":{"line":66,"column":1}}]},"6":{"type":"branch","line":50,"loc":{"start":{"line":50,"column":14},"end":{"line":53,"column":3}},"locations":[{"start":{"line":50,"column":14},"end":{"line":53,"column":3}}]},"7":{"type":"branch","line":53,"loc":{"start":{"line":53,"column":2},"end":{"line":54,"column":38}},"locations":[{"start":{"line":53,"column":2},"end":{"line":54,"column":38}}]},"8":{"type":"branch","line":54,"loc":{"start":{"line":54,"column":23},"end":{"line":54,"column":78}},"locations":[{"start":{"line":54,"column":23},"end":{"line":54,"column":78}}]},"9":{"type":"branch","line":56,"loc":{"start":{"line":56,"column":5},"end":{"line":64,"column":11}},"locations":[{"start":{"line":56,"column":5},"end":{"line":64,"column":11}}]},"10":{"type":"branch","line":59,"loc":{"start":{"line":59,"column":34},"end":{"line":59,"column":43}},"locations":[{"start":{"line":59,"column":34},"end":{"line":59,"column":43}}]},"11":{"type":"branch","line":59,"loc":{"start":{"line":59,"column":41},"end":{"line":60,"column":31}},"locations":[{"start":{"line":59,"column":41},"end":{"line":60,"column":31}}]},"12":{"type":"branch","line":60,"loc":{"start":{"line":60,"column":31},"end":{"line":63,"column":5}},"locations":[{"start":{"line":60,"column":31},"end":{"line":63,"column":5}}]},"13":{"type":"branch","line":61,"loc":{"start":{"line":61,"column":17},"end":{"line":63,"column":5}},"locations":[{"start":{"line":61,"column":17},"end":{"line":63,"column":5}}]},"14":{"type":"branch","line":64,"loc":{"start":{"line":64,"column":2},"end":{"line":66,"column":1}},"locations":[{"start":{"line":64,"column":2},"end":{"line":66,"column":1}}]},"15":{"type":"branch","line":62,"loc":{"start":{"line":62,"column":24},"end":{"line":62,"column":68}},"locations":[{"start":{"line":62,"column":24},"end":{"line":62,"column":68}}]},"16":{"type":"branch","line":62,"loc":{"start":{"line":62,"column":50},"end":{"line":62,"column":67}},"locations":[{"start":{"line":62,"column":50},"end":{"line":62,"column":67}}]}},"b":{"0":[1],"1":[1],"2":[0],"3":[0],"4":[0],"5":[5],"6":[1],"7":[4],"8":[0],"9":[7],"10":[2],"11":[5],"12":[2],"13":[1],"14":[1],"15":[1],"16":[0]},"fnMap":{"0":{"name":"makeDefaultRunner","decl":{"start":{"line":31,"column":7},"end":{"line":46,"column":1}},"loc":{"start":{"line":31,"column":7},"end":{"line":46,"column":1}},"line":31},"1":{"name":"runHeadless","decl":{"start":{"line":48,"column":0},"end":{"line":66,"column":1}},"loc":{"start":{"line":48,"column":0},"end":{"line":66,"column":1}},"line":48}},"f":{"0":1,"1":5}}
,"/Users/masato0420/Downloads/受託開発/自社事業/プロジェクト管理一元アプリ/apps/bridge/src/main.ts": {"path":"/Users/masato0420/Downloads/受託開発/自社事業/プロジェクト管理一元アプリ/apps/bridge/src/main.ts","all":false,"statementMap":{"0":{"start":{"line":1,"column":0},"end":{"line":1,"column":3}},"24":{"start":{"line":25,"column":0},"end":{"line":25,"column":38}},"25":{"start":{"line":26,"column":0},"end":{"line":26,"column":20}},"26":{"start":{"line":27,"column":0},"end":{"line":27,"column":41}},"27":{"start":{"line":28,"column":0},"end":{"line":28,"column":39}},"28":{"start":{"line":29,"column":0},"end":{"line":29,"column":52}},"29":{"start":{"line":30,"column":0},"end":{"line":30,"column":11}},"32":{"start":{"line":33,"column":0},"end":{"line":33,"column":79}},"33":{"start":{"line":34,"column":0},"end":{"line":34,"column":55}},"34":{"start":{"line":35,"column":0},"end":{"line":35,"column":29}},"35":{"start":{"line":36,"column":0},"end":{"line":36,"column":68}},"36":{"start":{"line":37,"column":0},"end":{"line":37,"column":10}},"37":{"start":{"line":38,"column":0},"end":{"line":38,"column":5}},"38":{"start":{"line":39,"column":0},"end":{"line":39,"column":30}},"39":{"start":{"line":40,"column":0},"end":{"line":40,"column":33}},"40":{"start":{"line":41,"column":0},"end":{"line":41,"column":27}},"41":{"start":{"line":42,"column":0},"end":{"line":42,"column":5}},"42":{"start":{"line":43,"column":0},"end":{"line":43,"column":1}}},"s":{"0":1,"24":1,"25":1,"26":1,"27":1,"28":1,"29":1,"32":1,"33":2,"34":2,"35":2,"36":2,"37":2,"38":2,"39":2,"40":2,"41":2,"42":2},"branchMap":{"0":{"type":"branch","line":33,"loc":{"start":{"line":33,"column":7},"end":{"line":43,"column":1}},"locations":[{"start":{"line":33,"column":7},"end":{"line":43,"column":1}}]}},"b":{"0":[2]},"fnMap":{"0":{"name":"createBridge","decl":{"start":{"line":33,"column":7},"end":{"line":43,"column":1}},"loc":{"start":{"line":33,"column":7},"end":{"line":43,"column":1}},"line":33}},"f":{"0":2}}
,"/Users/masato0420/Downloads/受託開発/自社事業/プロジェクト管理一元アプリ/apps/bridge/src/pty.ts": {"path":"/Users/masato0420/Downloads/受託開発/自社事業/プロジェクト管理一元アプリ/apps/bridge/src/pty.ts","all":false,"statementMap":{"30":{"start":{"line":31,"column":0},"end":{"line":31,"column":65}},"31":{"start":{"line":32,"column":0},"end":{"line":32,"column":68}},"32":{"start":{"line":33,"column":0},"end":{"line":33,"column":1}}},"s":{"30":1,"31":1,"32":1},"branchMap":{"0":{"type":"branch","line":31,"loc":{"start":{"line":31,"column":7},"end":{"line":33,"column":1}},"locations":[{"start":{"line":31,"column":7},"end":{"line":33,"column":1}}]}},"b":{"0":[1]},"fnMap":{"0":{"name":"spawnPty","decl":{"start":{"line":31,"column":7},"end":{"line":33,"column":1}},"loc":{"start":{"line":31,"column":7},"end":{"line":33,"column":1}},"line":31}},"f":{"0":1}}
}
